<?xml version="1.0" encoding="UTF-8" standalone="no"?>
<testsuite failures="1" name="cucumber.runtime.formatter.JUnitFormatter" skipped="0" tests="1" time="24.326767">
    <testcase classname="NRI Test" name="Test NRi" time="24.326767">
        <failure message="java.lang.AssertionError: expected [true] but found [false]&#10;&#9;at org.testng.Assert.fail(Assert.java:94)&#10;&#9;at org.testng.Assert.failNotEquals(Assert.java:513)&#10;&#9;at org.testng.Assert.assertTrue(Assert.java:42)&#10;&#9;at org.testng.Assert.assertTrue(Assert.java:52)&#10;&#9;at pageObject.DragDropPage.dragDropPic(DragDropPage.java:55)&#10;&#9;at stepDefinitions.NRItestDef.drag_selenium_logo(NRItestDef.java:98)&#10;&#9;at ✽.And Drag selenium logo(NRItest.feature:21)&#10;">
            <![CDATA[Given Initiate browser......................................................passed
Given Open "demo.automationtesting.in" URL on any browser...................passed
When Click on Skip Sign in button...........................................passed
And Navigate to register page...............................................passed
And Fill all the fields.....................................................passed
And Click on submit button..................................................passed
And Navigate to webtable menu...............................................passed
And Edit, delete a record from webtable.....................................passed
And Navigate to SwitchTo....................................................passed
And Click the button to display the alertbox................................passed
And Click on alert..........................................................passed
And Navigate to Interactions->Drag and Drop->static.........................passed
And Drag selenium logo......................................................failed
Then Exit the test..........................................................skipped

StackTrace:
java.lang.AssertionError: expected [true] but found [false]
	at org.testng.Assert.fail(Assert.java:94)
	at org.testng.Assert.failNotEquals(Assert.java:513)
	at org.testng.Assert.assertTrue(Assert.java:42)
	at org.testng.Assert.assertTrue(Assert.java:52)
	at pageObject.DragDropPage.dragDropPic(DragDropPage.java:55)
	at stepDefinitions.NRItestDef.drag_selenium_logo(NRItestDef.java:98)
	at ✽.And Drag selenium logo(NRItest.feature:21)
]]>
        </failure>
    </testcase>
</testsuite>
